2025-06-15 06:35:12,032 - models.text_analyzer - INFO - Loading sentence transformer model: all-MiniLM-L6-v2
2025-06-15 06:35:12,033 - sentence_transformers.SentenceTransformer - INFO - Use pytorch device_name: cpu
2025-06-15 06:35:12,034 - sentence_transformers.SentenceTransformer - INFO - Load pretrained SentenceTransformer: all-MiniLM-L6-v2
2025-06-15 06:35:13,058 - models.text_analyzer - INFO - Loading summarization model...
2025-06-15 06:35:13,543 - models.text_analyzer - INFO - Loading classification model...
2025-06-15 06:35:28,142 - root - ERROR - Application error: Could not find page: `Company Profile`. Must be the file path relative to the main script, from the directory: `eu_legal_analyzer`. Only the main app file and files in the `pages/` directory are supported.
2025-06-15 06:35:30,909 - root - ERROR - Application error: Could not find page: `Company Profile`. Must be the file path relative to the main script, from the directory: `eu_legal_analyzer`. Only the main app file and files in the `pages/` directory are supported.
2025-06-15 06:35:50,447 - root - ERROR - Application error: Could not find page: `Company Profile`. Must be the file path relative to the main script, from the directory: `eu_legal_analyzer`. Only the main app file and files in the `pages/` directory are supported.
2025-06-15 06:35:51,263 - root - ERROR - Application error: Could not find page: `Company Profile`. Must be the file path relative to the main script, from the directory: `eu_legal_analyzer`. Only the main app file and files in the `pages/` directory are supported.
2025-06-15 06:35:51,690 - root - ERROR - Application error: Could not find page: `Company Profile`. Must be the file path relative to the main script, from the directory: `eu_legal_analyzer`. Only the main app file and files in the `pages/` directory are supported.
2025-06-15 06:35:51,870 - root - ERROR - Application error: Could not find page: `Company Profile`. Must be the file path relative to the main script, from the directory: `eu_legal_analyzer`. Only the main app file and files in the `pages/` directory are supported.
2025-06-15 06:36:35,624 - root - ERROR - Application error: The truth value of a DataFrame is ambiguous. Use a.empty, a.bool(), a.item(), a.any() or a.all().
2025-06-15 06:46:20,670 - models.text_analyzer - INFO - Loading sentence transformer model: all-MiniLM-L6-v2
2025-06-15 06:46:20,672 - sentence_transformers.SentenceTransformer - INFO - Use pytorch device_name: cpu
2025-06-15 06:46:20,672 - sentence_transformers.SentenceTransformer - INFO - Load pretrained SentenceTransformer: all-MiniLM-L6-v2
2025-06-15 06:46:21,439 - models.text_analyzer - INFO - Loading summarization model...
2025-06-15 06:46:21,941 - models.text_analyzer - INFO - Loading classification model...
2025-06-15 06:46:44,001 - scraper.eurlex_scraper - INFO - Scraping legal acts from the last 7 days...
2025-06-15 06:46:44,001 - scraper.eurlex_scraper - INFO - Searching for REG documents...
2025-06-15 06:46:47,254 - scraper.eurlex_scraper - INFO - Searching for DIR documents...
2025-06-15 06:46:49,929 - scraper.eurlex_scraper - INFO - Searching for DEC documents...
2025-06-15 06:46:52,469 - scraper.eurlex_scraper - INFO - Searching for REC documents...
2025-06-15 06:51:22,851 - root - ERROR - Application error: name 'show_homepage' is not defined
2025-06-15 06:52:57,434 - models.text_analyzer - INFO - Loading sentence transformer model: all-MiniLM-L6-v2
2025-06-15 06:52:57,436 - sentence_transformers.SentenceTransformer - INFO - Use pytorch device_name: cpu
2025-06-15 06:52:57,436 - sentence_transformers.SentenceTransformer - INFO - Load pretrained SentenceTransformer: all-MiniLM-L6-v2
2025-06-15 06:52:58,454 - models.text_analyzer - INFO - Loading summarization model...
2025-06-15 06:52:58,962 - models.text_analyzer - INFO - Loading classification model...
2025-06-15 06:55:54,621 - models.text_analyzer - INFO - Loading sentence transformer model: all-MiniLM-L6-v2
2025-06-15 06:55:54,623 - sentence_transformers.SentenceTransformer - INFO - Use pytorch device_name: cpu
2025-06-15 06:55:54,623 - sentence_transformers.SentenceTransformer - INFO - Load pretrained SentenceTransformer: all-MiniLM-L6-v2
2025-06-15 06:55:55,221 - models.text_analyzer - INFO - Loading summarization model...
2025-06-15 06:55:55,729 - models.text_analyzer - INFO - Loading classification model...
2025-06-15 06:59:36,730 - root - ERROR - Application error: name 'background' is not defined
2025-06-15 06:59:36,731 - root - ERROR - Application error: name 'background' is not defined
2025-06-15 06:59:57,738 - root - ERROR - Application error: name 'background' is not defined
2025-06-15 06:59:57,739 - root - ERROR - Application error: name 'background' is not defined
2025-06-15 07:00:53,739 - root - ERROR - Application error: name 'background' is not defined
2025-06-15 07:00:53,740 - root - ERROR - Application error: name 'background' is not defined
2025-06-15 07:02:33,076 - root - ERROR - Application error: name 'background' is not defined
2025-06-15 07:03:21,325 - root - ERROR - Application error: name 'background' is not defined
2025-06-15 07:05:04,279 - root - ERROR - Application error: name 'background' is not defined
2025-06-15 08:21:33,978 - models.text_analyzer - INFO - Loading sentence transformer model: all-MiniLM-L6-v2
2025-06-15 08:21:33,985 - sentence_transformers.SentenceTransformer - INFO - Use pytorch device_name: cpu
2025-06-15 08:21:33,985 - sentence_transformers.SentenceTransformer - INFO - Load pretrained SentenceTransformer: all-MiniLM-L6-v2
2025-06-15 08:21:35,131 - models.text_analyzer - INFO - Loading summarization model...
2025-06-15 08:21:35,629 - models.text_analyzer - INFO - Loading classification model...
